# JRE version: OpenJDK Runtime Environment Temurin-21.0.10+7 (21.0.10+7) (build 21.0.10+7-LTS)
# Java VM: OpenJDK 64-Bit Server VM Temurin-21.0.10+7 (21.0.10+7-LTS, mixed mode, emulated-client, tiered, compressed oops, compressed class ptrs, g1 gc, windows-amd64)
GC Precious Log:
 CardTable entry size: 512
 Card Set container configuration: InlinePtr #cards 5 size 8 Array Of Cards #cards 12 size 40 Howl #buckets 4 coarsen threshold 1843 Howl Bitmap #cards 512 size 80 coarsen threshold 460 Card regions per heap region 1 cards per card region 2048
 CPUs: 12 total, 12 available
 Memory: 3739M
 Large Page Support: Disabled
 NUMA Support: Disabled
 Compressed Oops: Enabled (32-bit)
 Heap Region Size: 1M
 Heap Min Capacity: 8M
 Heap Initial Capacity: 60M
 Heap Max Capacity: 936M
 Pre-touch: Disabled
 Parallel Workers: 10
 Concurrent Workers: 3
 Concurrent Refinement Workers: 10
 Periodic GC: Disabled
Heap:
 garbage-first heap   total 61440K, used 9432K [0x00000000c5800000, 0x0000000100000000)
  region size 1024K, 1 young (1024K), 1 survivors (1024K)
 Metaspace       used 17585K, committed 17856K, reserved 1114112K
  class space    used 1804K, committed 1920K, reserved 1048576K
GC Heap History (9 events):
Event: 7.609 GC heap before
{Heap before GC invocations=0 (full 0):
 garbage-first heap   total 61440K, used 24576K [0x00000000c5800000, 0x0000000100000000)
  region size 1024K, 23 young (23552K), 0 survivors (0K)
 Metaspace       used 15463K, committed 15680K, reserved 1114112K
  class space    used 1554K, committed 1664K, reserved 1048576K
}
Event: 8.641 GC heap after
{Heap after GC invocations=1 (full 0):
 garbage-first heap   total 61440K, used 7961K [0x00000000c5800000, 0x0000000100000000)
  region size 1024K, 3 young (3072K), 3 survivors (3072K)
 Metaspace       used 15463K, committed 15680K, reserved 1114112K
  class space    used 1554K, committed 1664K, reserved 1048576K
}
Event: 8.675 GC heap before
{Heap before GC invocations=1 (full 0):
 garbage-first heap   total 61440K, used 8985K [0x00000000c5800000, 0x0000000100000000)
  region size 1024K, 4 young (4096K), 3 survivors (3072K)
 Metaspace       used 15679K, committed 15872K, reserved 1114112K
  class space    used 1581K, committed 1664K, reserved 1048576K
}
Event: 8.681 GC heap after
{Heap after GC invocations=2 (full 0):
 garbage-first heap   total 61440K, used 8448K [0x00000000c5800000, 0x0000000100000000)
  region size 1024K, 1 young (1024K), 1 survivors (1024K)
 Metaspace       used 15679K, committed 15872K, reserved 1114112K
  class space    used 1581K, committed 1664K, reserved 1048576K
}
Event: 8.825 GC heap before
{Heap before GC invocations=2 (full 0):
 garbage-first heap   total 61440K, used 10496K [0x00000000c5800000, 0x0000000100000000)
  region size 1024K, 3 young (3072K), 1 survivors (1024K)
 Metaspace       used 16572K, committed 16768K, reserved 1114112K
  class space    used 1680K, committed 1792K, reserved 1048576K
}
Event: 8.829 GC heap after
{Heap after GC invocations=3 (full 0):
 garbage-first heap   total 61440K, used 8733K [0x00000000c5800000, 0x0000000100000000)
  region size 1024K, 1 young (1024K), 1 survivors (1024K)
 Metaspace       used 16572K, committed 16768K, reserved 1114112K
  class space    used 1680K, committed 1792K, reserved 1048576K
}
Event: 8.927 GC heap before
{Heap before GC invocations=3 (full 0):
 garbage-first heap   total 61440K, used 10781K [0x00000000c5800000, 0x0000000100000000)
  region size 1024K, 3 young (3072K), 1 survivors (1024K)
 Metaspace       used 17272K, committed 17472K, reserved 1114112K
  class space    used 1768K, committed 1856K, reserved 1048576K
}
Event: 8.929 GC heap after
{Heap after GC invocations=4 (full 0):
 garbage-first heap   total 61440K, used 8876K [0x00000000c5800000, 0x0000000100000000)
  region size 1024K, 1 young (1024K), 1 survivors (1024K)
 Metaspace       used 17272K, committed 17472K, reserved 1114112K
  class space    used 1768K, committed 1856K, reserved 1048576K
}
Event: 9.013 GC heap before
{Heap before GC invocations=4 (full 0):
 garbage-first heap   total 61440K, used 9900K [0x00000000c5800000, 0x0000000100000000)
  region size 1024K, 3 young (3072K), 1 survivors (1024K)
 Metaspace       used 17585K, committed 17856K, reserved 1114112K
  class space    used 1804K, committed 1920K, reserved 1048576K
}

