# JRE version: OpenJDK Runtime Environment Temurin-21.0.10+7 (21.0.10+7) (build 21.0.10+7-LTS)
# Java VM: OpenJDK 64-Bit Server VM Temurin-21.0.10+7 (21.0.10+7-LTS, mixed mode, emulated-client, sharing, tiered, compressed oops, compressed class ptrs, g1 gc, windows-amd64)
GC Precious Log:
 CardTable entry size: 512
 Card Set container configuration: InlinePtr #cards 5 size 8 Array Of Cards #cards 12 size 40 Howl #buckets 4 coarsen threshold 1843 Howl Bitmap #cards 512 size 80 coarsen threshold 460 Card regions per heap region 1 cards per card region 2048
 CPUs: 12 total, 12 available
 Memory: 3739M
 Large Page Support: Disabled
 NUMA Support: Disabled
 Compressed Oops: Enabled (32-bit)
 Heap Region Size: 1M
 Heap Min Capacity: 8M
 Heap Initial Capacity: 60M
 Heap Max Capacity: 936M
 Pre-touch: Disabled
 Parallel Workers: 10
 Concurrent Workers: 3
 Concurrent Refinement Workers: 10
 Periodic GC: Disabled
Heap:
 garbage-first heap   total 91136K, used 54463K [0x00000000c5800000, 0x0000000100000000)
  region size 1024K, 4 young (4096K), 3 survivors (3072K)
 Metaspace       used 92371K, committed 94016K, reserved 1179648K
  class space    used 13436K, committed 14080K, reserved 1048576K
GC Heap History (20 events):
Event: 7.489 GC heap before
{Heap before GC invocations=12 (full 0):
 garbage-first heap   total 73728K, used 65032K [0x00000000c5800000, 0x0000000100000000)
  region size 1024K, 37 young (37888K), 4 survivors (4096K)
 Metaspace       used 43861K, committed 44480K, reserved 1114112K
  class space    used 6117K, committed 6400K, reserved 1048576K
}
Event: 7.500 GC heap after
{Heap after GC invocations=13 (full 0):
 garbage-first heap   total 73728K, used 32994K [0x00000000c5800000, 0x0000000100000000)
  region size 1024K, 5 young (5120K), 5 survivors (5120K)
 Metaspace       used 43861K, committed 44480K, reserved 1114112K
  class space    used 6117K, committed 6400K, reserved 1048576K
}
Event: 8.379 GC heap before
{Heap before GC invocations=13 (full 0):
 garbage-first heap   total 73728K, used 63714K [0x00000000c5800000, 0x0000000100000000)
  region size 1024K, 35 young (35840K), 5 survivors (5120K)
 Metaspace       used 50096K, committed 50816K, reserved 1114112K
  class space    used 7059K, committed 7360K, reserved 1048576K
}
Event: 8.386 GC heap after
{Heap after GC invocations=14 (full 0):
 garbage-first heap   total 89088K, used 35647K [0x00000000c5800000, 0x0000000100000000)
  region size 1024K, 3 young (3072K), 3 survivors (3072K)
 Metaspace       used 50096K, committed 50816K, reserved 1114112K
  class space    used 7059K, committed 7360K, reserved 1048576K
}
Event: 9.817 GC heap before
{Heap before GC invocations=14 (full 0):
 garbage-first heap   total 89088K, used 76607K [0x00000000c5800000, 0x0000000100000000)
  region size 1024K, 44 young (45056K), 3 survivors (3072K)
 Metaspace       used 59495K, committed 60096K, reserved 1114112K
  class space    used 8504K, committed 8768K, reserved 1048576K
}
Event: 9.823 GC heap after
{Heap after GC invocations=15 (full 0):
 garbage-first heap   total 89088K, used 37604K [0x00000000c5800000, 0x0000000100000000)
  region size 1024K, 5 young (5120K), 5 survivors (5120K)
 Metaspace       used 59495K, committed 60096K, reserved 1114112K
  class space    used 8504K, committed 8768K, reserved 1048576K
}
Event: 11.320 GC heap before
{Heap before GC invocations=16 (full 0):
 garbage-first heap   total 89088K, used 76516K [0x00000000c5800000, 0x0000000100000000)
  region size 1024K, 44 young (45056K), 5 survivors (5120K)
 Metaspace       used 69210K, committed 69888K, reserved 1114112K
  class space    used 9985K, committed 10240K, reserved 1048576K
}
Event: 11.329 GC heap after
{Heap after GC invocations=17 (full 0):
 garbage-first heap   total 89088K, used 39848K [0x00000000c5800000, 0x0000000100000000)
  region size 1024K, 5 young (5120K), 5 survivors (5120K)
 Metaspace       used 69210K, committed 69888K, reserved 1114112K
  class space    used 9985K, committed 10240K, reserved 1048576K
}
Event: 13.288 GC heap before
{Heap before GC invocations=17 (full 0):
 garbage-first heap   total 89088K, used 77736K [0x00000000c5800000, 0x0000000100000000)
  region size 1024K, 43 young (44032K), 5 survivors (5120K)
 Metaspace       used 76488K, committed 77248K, reserved 1179648K
  class space    used 11033K, committed 11328K, reserved 1048576K
}
Event: 13.298 GC heap after
{Heap after GC invocations=18 (full 0):
 garbage-first heap   total 90112K, used 42432K [0x00000000c5800000, 0x0000000100000000)
  region size 1024K, 6 young (6144K), 6 survivors (6144K)
 Metaspace       used 76488K, committed 77248K, reserved 1179648K
  class space    used 11033K, committed 11328K, reserved 1048576K
}
Event: 14.778 GC heap before
{Heap before GC invocations=18 (full 0):
 garbage-first heap   total 90112K, used 80320K [0x00000000c5800000, 0x0000000100000000)
  region size 1024K, 43 young (44032K), 6 survivors (6144K)
 Metaspace       used 80143K, committed 80960K, reserved 1179648K
  class space    used 11625K, committed 11968K, reserved 1048576K
}
Event: 14.791 GC heap after
{Heap after GC invocations=19 (full 0):
 garbage-first heap   total 91136K, used 45784K [0x00000000c5800000, 0x0000000100000000)
  region size 1024K, 4 young (4096K), 4 survivors (4096K)
 Metaspace       used 80143K, committed 80960K, reserved 1179648K
  class space    used 11625K, committed 11968K, reserved 1048576K
}
Event: 16.472 GC heap before
{Heap before GC invocations=19 (full 0):
 garbage-first heap   total 91136K, used 81624K [0x00000000c5800000, 0x0000000100000000)
  region size 1024K, 39 young (39936K), 4 survivors (4096K)
 Metaspace       used 84064K, committed 84992K, reserved 1179648K
  class space    used 12190K, committed 12608K, reserved 1048576K
}
Event: 16.491 GC heap after
{Heap after GC invocations=20 (full 0):
 garbage-first heap   total 91136K, used 49503K [0x00000000c5800000, 0x0000000100000000)
  region size 1024K, 4 young (4096K), 4 survivors (4096K)
 Metaspace       used 84064K, committed 84992K, reserved 1179648K
  class space    used 12190K, committed 12608K, reserved 1048576K
}
Event: 17.763 GC heap before
{Heap before GC invocations=21 (full 0):
 garbage-first heap   total 91136K, used 81247K [0x00000000c5800000, 0x0000000100000000)
  region size 1024K, 36 young (36864K), 4 survivors (4096K)
 Metaspace       used 88162K, committed 89152K, reserved 1179648K
  class space    used 12863K, committed 13312K, reserved 1048576K
}
Event: 17.771 GC heap after
{Heap after GC invocations=22 (full 0):
 garbage-first heap   total 91136K, used 53087K [0x00000000c5800000, 0x0000000100000000)
  region size 1024K, 4 young (4096K), 4 survivors (4096K)
 Metaspace       used 88162K, committed 89152K, reserved 1179648K
  class space    used 12863K, committed 13312K, reserved 1048576K
}
Event: 20.192 GC heap before
{Heap before GC invocations=22 (full 0):
 garbage-first heap   total 91136K, used 81759K [0x00000000c5800000, 0x0000000100000000)
  region size 1024K, 33 young (33792K), 4 survivors (4096K)
 Metaspace       used 92035K, committed 93056K, reserved 1179648K
  class space    used 13436K, committed 13888K, reserved 1048576K
}
Event: 20.205 GC heap after
{Heap after GC invocations=23 (full 0):
 garbage-first heap   total 91136K, used 53666K [0x00000000c5800000, 0x0000000100000000)
  region size 1024K, 2 young (2048K), 2 survivors (2048K)
 Metaspace       used 92035K, committed 93056K, reserved 1179648K
  class space    used 13436K, committed 13888K, reserved 1048576K
}
Event: 2142.220 GC heap before
{Heap before GC invocations=23 (full 0):
 garbage-first heap   total 91136K, used 83362K [0x00000000c5800000, 0x0000000100000000)
  region size 1024K, 31 young (31744K), 2 survivors (2048K)
 Metaspace       used 92958K, committed 94016K, reserved 1179648K
  class space    used 13589K, committed 14080K, reserved 1048576K
}
Event: 2142.361 GC heap after
{Heap after GC invocations=24 (full 0):
 garbage-first heap   total 91136K, used 54463K [0x00000000c5800000, 0x0000000100000000)
  region size 1024K, 3 young (3072K), 3 survivors (3072K)
 Metaspace       used 92958K, committed 94016K, reserved 1179648K
  class space    used 13589K, committed 14080K, reserved 1048576K
}

